# Logfile created on 2014-01-10 20:47:47 +1100 by logger.rb/31641
I, [2014-01-10T20:47:47.475459 #9052]  INFO -- : 0:  rake (10.1.1) from c:/RubyOnRails/Ruby1.9.3/lib/ruby/gems/1.9.1/specifications/rake-10.1.1.gemspec
I, [2014-01-10T20:47:47.475459 #9052]  INFO -- : 0:  i18n (0.6.9) from c:/RubyOnRails/Ruby1.9.3/lib/ruby/gems/1.9.1/specifications/i18n-0.6.9.gemspec
I, [2014-01-10T20:47:47.480459 #9052]  INFO -- : 0:  multi_json (1.8.4) from c:/RubyOnRails/Ruby1.9.3/lib/ruby/gems/1.9.1/specifications/multi_json-1.8.4.gemspec
I, [2014-01-10T20:47:47.480459 #9052]  INFO -- : 0:  activesupport (3.2.16) from c:/RubyOnRails/Ruby1.9.3/lib/ruby/gems/1.9.1/specifications/activesupport-3.2.16.gemspec
I, [2014-01-10T20:47:47.495459 #9052]  INFO -- : 0:  builder (3.0.4) from c:/RubyOnRails/Ruby1.9.3/lib/ruby/gems/1.9.1/specifications/builder-3.0.4.gemspec
I, [2014-01-10T20:47:47.495459 #9052]  INFO -- : 0:  activemodel (3.2.16) from c:/RubyOnRails/Ruby1.9.3/lib/ruby/gems/1.9.1/specifications/activemodel-3.2.16.gemspec
I, [2014-01-10T20:47:47.500459 #9052]  INFO -- : 0:  erubis (2.7.0) from c:/RubyOnRails/Ruby1.9.3/lib/ruby/gems/1.9.1/specifications/erubis-2.7.0.gemspec
I, [2014-01-10T20:47:47.500459 #9052]  INFO -- : 0:  journey (1.0.4) from c:/RubyOnRails/Ruby1.9.3/lib/ruby/gems/1.9.1/specifications/journey-1.0.4.gemspec
I, [2014-01-10T20:47:47.500459 #9052]  INFO -- : 0:  rack (1.4.5) from c:/RubyOnRails/Ruby1.9.3/lib/ruby/gems/1.9.1/specifications/rack-1.4.5.gemspec
I, [2014-01-10T20:47:47.500459 #9052]  INFO -- : 0:  rack-cache (1.2) from c:/RubyOnRails/Ruby1.9.3/lib/ruby/gems/1.9.1/specifications/rack-cache-1.2.gemspec
I, [2014-01-10T20:47:47.505459 #9052]  INFO -- : 0:  rack-test (0.6.2) from c:/RubyOnRails/Ruby1.9.3/lib/ruby/gems/1.9.1/specifications/rack-test-0.6.2.gemspec
I, [2014-01-10T20:47:47.505459 #9052]  INFO -- : 0:  hike (1.2.3) from c:/RubyOnRails/Ruby1.9.3/lib/ruby/gems/1.9.1/specifications/hike-1.2.3.gemspec
I, [2014-01-10T20:47:47.505459 #9052]  INFO -- : 0:  tilt (1.4.1) from c:/RubyOnRails/Ruby1.9.3/lib/ruby/gems/1.9.1/specifications/tilt-1.4.1.gemspec
I, [2014-01-10T20:47:47.505459 #9052]  INFO -- : 0:  sprockets (2.2.2) from c:/RubyOnRails/Ruby1.9.3/lib/ruby/gems/1.9.1/specifications/sprockets-2.2.2.gemspec
I, [2014-01-10T20:47:47.510459 #9052]  INFO -- : 0:  actionpack (3.2.16) from c:/RubyOnRails/Ruby1.9.3/lib/ruby/gems/1.9.1/specifications/actionpack-3.2.16.gemspec
I, [2014-01-10T20:47:47.510459 #9052]  INFO -- : 0:  mime-types (1.25.1) from c:/RubyOnRails/Ruby1.9.3/lib/ruby/gems/1.9.1/specifications/mime-types-1.25.1.gemspec
I, [2014-01-10T20:47:47.510459 #9052]  INFO -- : 0:  polyglot (0.3.3) from c:/RubyOnRails/Ruby1.9.3/lib/ruby/gems/1.9.1/specifications/polyglot-0.3.3.gemspec
I, [2014-01-10T20:47:47.515459 #9052]  INFO -- : 0:  treetop (1.4.15) from c:/RubyOnRails/Ruby1.9.3/lib/ruby/gems/1.9.1/specifications/treetop-1.4.15.gemspec
I, [2014-01-10T20:47:47.515459 #9052]  INFO -- : 0:  mail (2.5.4) from c:/RubyOnRails/Ruby1.9.3/lib/ruby/gems/1.9.1/specifications/mail-2.5.4.gemspec
I, [2014-01-10T20:47:47.515459 #9052]  INFO -- : 0:  actionmailer (3.2.16) from c:/RubyOnRails/Ruby1.9.3/lib/ruby/gems/1.9.1/specifications/actionmailer-3.2.16.gemspec
I, [2014-01-10T20:47:47.515459 #9052]  INFO -- : 0:  arel (3.0.3) from c:/RubyOnRails/Ruby1.9.3/lib/ruby/gems/1.9.1/specifications/arel-3.0.3.gemspec
I, [2014-01-10T20:47:47.520459 #9052]  INFO -- : 0:  tzinfo (0.3.38) from c:/RubyOnRails/Ruby1.9.3/lib/ruby/gems/1.9.1/specifications/tzinfo-0.3.38.gemspec
I, [2014-01-10T20:47:47.520459 #9052]  INFO -- : 0:  activerecord (3.2.16) from c:/RubyOnRails/Ruby1.9.3/lib/ruby/gems/1.9.1/specifications/activerecord-3.2.16.gemspec
I, [2014-01-10T20:47:47.520459 #9052]  INFO -- : 0:  activeresource (3.2.16) from c:/RubyOnRails/Ruby1.9.3/lib/ruby/gems/1.9.1/specifications/activeresource-3.2.16.gemspec
I, [2014-01-10T20:47:47.520459 #9052]  INFO -- : 0:  bundler (1.5.1) from c:/RubyOnRails/Ruby1.9.3/lib/ruby/gems/1.9.1/specifications/bundler-1.5.1.gemspec
I, [2014-01-10T20:47:47.525459 #9052]  INFO -- : 0:  coffee-script-source (1.6.3) from c:/RubyOnRails/Ruby1.9.3/lib/ruby/gems/1.9.1/specifications/coffee-script-source-1.6.3.gemspec
I, [2014-01-10T20:47:47.525459 #9052]  INFO -- : 0:  execjs (2.0.2) from c:/RubyOnRails/Ruby1.9.3/lib/ruby/gems/1.9.1/specifications/execjs-2.0.2.gemspec
I, [2014-01-10T20:47:47.525459 #9052]  INFO -- : 0:  coffee-script (2.2.0) from c:/RubyOnRails/Ruby1.9.3/lib/ruby/gems/1.9.1/specifications/coffee-script-2.2.0.gemspec
I, [2014-01-10T20:47:47.530459 #9052]  INFO -- : 0:  rack-ssl (1.3.3) from c:/RubyOnRails/Ruby1.9.3/lib/ruby/gems/1.9.1/specifications/rack-ssl-1.3.3.gemspec
I, [2014-01-10T20:47:47.530459 #9052]  INFO -- : 0:  json (1.8.1) from c:/RubyOnRails/Ruby1.9.3/lib/ruby/gems/1.9.1/specifications/json-1.8.1.gemspec
I, [2014-01-10T20:47:47.530459 #9052]  INFO -- : 0:  rdoc (3.12.2) from c:/RubyOnRails/Ruby1.9.3/lib/ruby/gems/1.9.1/specifications/rdoc-3.12.2.gemspec
I, [2014-01-10T20:47:47.530459 #9052]  INFO -- : 0:  thor (0.18.1) from c:/RubyOnRails/Ruby1.9.3/lib/ruby/gems/1.9.1/specifications/thor-0.18.1.gemspec
I, [2014-01-10T20:47:47.535459 #9052]  INFO -- : 0:  railties (3.2.16) from c:/RubyOnRails/Ruby1.9.3/lib/ruby/gems/1.9.1/specifications/railties-3.2.16.gemspec
I, [2014-01-10T20:47:54.112969 #9052]  INFO -- : 0:  coffee-rails (3.2.2) from c:/RubyOnRails/Ruby1.9.3/lib/ruby/gems/1.9.1/specifications/coffee-rails-3.2.2.gemspec
I, [2014-01-10T20:47:59.815477 #9052]  INFO -- : 0:  ey_config (0.0.6) from c:/RubyOnRails/Ruby1.9.3/lib/ruby/gems/1.9.1/specifications/ey_config-0.0.6.gemspec
I, [2014-01-10T20:47:59.820477 #9052]  INFO -- : 0:  jquery-rails (3.0.4) from c:/RubyOnRails/Ruby1.9.3/lib/ruby/gems/1.9.1/specifications/jquery-rails-3.0.4.gemspec
E, [2014-01-10T20:48:14.450498 #9052] ERROR -- : Gem::Installer::ExtensionBuildError: ERROR: Failed to build gem native extension.

        c:/RubyOnRails/Ruby1.9.3/bin/ruby.exe extconf.rb 
creating Makefile

make
generating puma_http11-i386-mingw32.def
compiling http11_parser.c
ext/http11/http11_parser.rl: In function 'puma_parser_execute':
ext/http11/http11_parser.rl:111:3: warning: comparison between signed and unsigned integer expressions
compiling io_buffer.c
io_buffer.c: In function 'buf_to_str':
io_buffer.c:119:3: warning: pointer targets in passing argument 1 of 'rb_str_new' differ in signedness
c:/RubyOnRails/Ruby1.9.3/include/ruby-1.9.1/ruby/intern.h:660:7: note: expected 'const char *' but argument is of type 'uint8_t *'
compiling mini_ssl.c
In file included from mini_ssl.c:3:0:
c:/RubyOnRails/Ruby1.9.3/include/ruby-1.9.1/ruby/backward/rubyio.h:2:2: warning: #warning use "ruby/io.h" instead of "rubyio.h"
mini_ssl.c:4:25: fatal error: openssl/bio.h: No such file or directory
compilation terminated.
make: *** [mini_ssl.o] Error 1


Gem files will remain installed in c:/RubyOnRails/Ruby1.9.3/lib/ruby/gems/1.9.1/gems/puma-2.7.1 for inspection.
Results logged to c:/RubyOnRails/Ruby1.9.3/lib/ruby/gems/1.9.1/gems/puma-2.7.1/ext/puma_http11/gem_make.out

c:/RubyOnRails/Ruby1.9.3/lib/ruby/site_ruby/1.9.1/rubygems/installer.rb:564:in `rescue in block in build_extensions'  \nc:/RubyOnRails/Ruby1.9.3/lib/ruby/site_ruby/1.9.1/rubygems/installer.rb:540:in `block in build_extensions'  \nc:/RubyOnRails/Ruby1.9.3/lib/ruby/site_ruby/1.9.1/rubygems/installer.rb:515:in `each'  \nc:/RubyOnRails/Ruby1.9.3/lib/ruby/site_ruby/1.9.1/rubygems/installer.rb:515:in `build_extensions'  \nc:/RubyOnRails/Ruby1.9.3/lib/ruby/site_ruby/1.9.1/rubygems/installer.rb:180:in `install'  \nc:/RubyOnRails/Ruby1.9.3/lib/ruby/gems/1.9.1/gems/bundler-1.5.1/lib/bundler/source/rubygems.rb:95:in `block in install'  \nc:/RubyOnRails/Ruby1.9.3/lib/ruby/gems/1.9.1/gems/bundler-1.5.1/lib/bundler/rubygems_integration.rb:118:in `preserve_paths'  \nc:/RubyOnRails/Ruby1.9.3/lib/ruby/gems/1.9.1/gems/bundler-1.5.1/lib/bundler/source/rubygems.rb:94:in `install'  \nc:/RubyOnRails/Ruby1.9.3/lib/ruby/gems/1.9.1/gems/bundler-1.5.1/lib/bundler/installer.rb:111:in `block in install_gem_from_spec'  \nc:/RubyOnRails/Ruby1.9.3/lib/ruby/gems/1.9.1/gems/bundler-1.5.1/lib/bundler/rubygems_integration.rb:150:in `with_build_args'  \nc:/RubyOnRails/Ruby1.9.3/lib/ruby/gems/1.9.1/gems/bundler-1.5.1/lib/bundler/installer.rb:110:in `install_gem_from_spec'  \nc:/RubyOnRails/Ruby1.9.3/lib/ruby/gems/1.9.1/gems/bundler-1.5.1/lib/bundler/installer.rb:295:in `block in install_sequentially'  \nc:/RubyOnRails/Ruby1.9.3/lib/ruby/1.9.1/forwardable.rb:201:in `each'  \nc:/RubyOnRails/Ruby1.9.3/lib/ruby/1.9.1/forwardable.rb:201:in `each'  \nc:/RubyOnRails/Ruby1.9.3/lib/ruby/gems/1.9.1/gems/bundler-1.5.1/lib/bundler/installer.rb:294:in `install_sequentially'  \nc:/RubyOnRails/Ruby1.9.3/lib/ruby/gems/1.9.1/gems/bundler-1.5.1/lib/bundler/installer.rb:97:in `run'  \nc:/RubyOnRails/Ruby1.9.3/lib/ruby/gems/1.9.1/gems/bundler-1.5.1/lib/bundler/installer.rb:15:in `install'  \nc:/RubyOnRails/Ruby1.9.3/lib/ruby/gems/1.9.1/gems/bundler-1.5.1/lib/bundler/cli.rb:257:in `install'  \nc:/RubyOnRails/Ruby1.9.3/lib/ruby/gems/1.9.1/gems/bundler-1.5.1/lib/bundler/vendor/thor/command.rb:27:in `run'  \nc:/RubyOnRails/Ruby1.9.3/lib/ruby/gems/1.9.1/gems/bundler-1.5.1/lib/bundler/vendor/thor/invocation.rb:120:in `invoke_command'  \nc:/RubyOnRails/Ruby1.9.3/lib/ruby/gems/1.9.1/gems/bundler-1.5.1/lib/bundler/vendor/thor.rb:363:in `dispatch'  \nc:/RubyOnRails/Ruby1.9.3/lib/ruby/gems/1.9.1/gems/bundler-1.5.1/lib/bundler/vendor/thor/base.rb:438:in `start'  \nc:/RubyOnRails/Ruby1.9.3/lib/ruby/gems/1.9.1/gems/bundler-1.5.1/lib/bundler/cli.rb:10:in `start'  \nc:/RubyOnRails/Ruby1.9.3/lib/ruby/gems/1.9.1/gems/bundler-1.5.1/bin/bundle:22:in `block in <top (required)>'  \nc:/RubyOnRails/Ruby1.9.3/lib/ruby/gems/1.9.1/gems/bundler-1.5.1/lib/bundler/friendly_errors.rb:5:in `with_friendly_errors'  \nc:/RubyOnRails/Ruby1.9.3/lib/ruby/gems/1.9.1/gems/bundler-1.5.1/bin/bundle:22:in `<top (required)>'  \nc:/RubyOnRails/Ruby1.9.3/bin/bundle:23:in `load'  \nc:/RubyOnRails/Ruby1.9.3/bin/bundle:23:in `<main>'
